<?xml version="1.0" encoding="UTF-8"?>
<!-- Generated by org.testng.reporters.JUnitXMLReporter -->
<testsuite hostname="DESKTOP-87MMMFU" ignored="0" name="Test" tests="4" failures="0" timestamp="2020-02-25T12:14:32 AEDT" time="89.34" errors="0">
  <testcase name="navigateBar" time="0.234" classname="academy2.validateNavigationBar"/>
  <testcase name="basePageNavigation" time="27.602" classname="academy2.HomePage2"/>
  <testcase name="basePageNavigation" time="2.041" classname="academy2.HomePage2"/>
  <testcase name="titleRediff" time="34.157" classname="academy2.ValidateTitle"/>
</testsuite> <!-- Test -->
