<?xml version="1.0" encoding="UTF-8"?>
<testsuite xmlns:xsi="http://www.w3.org/2001/XMLSchema-instance" xsi:noNamespaceSchemaLocation="https://maven.apache.org/surefire/maven-surefire-plugin/xsd/surefire-test-report-3.0.xsd" version="3.0" name="TestSuite" time="54.374" tests="4" errors="0" skipped="0" failures="0">
  <properties>
[...]
</properties>
  <testcase name="navigateBar" classname="academy2.validateNavigationBar" time="0.183"/>
  <testcase name="basePageNavigation" classname="academy2.HomePage2" time="4.738"/>
  <testcase name="basePageNavigation" classname="academy2.HomePage2" time="15.949"/>
  <testcase name="titleRediff" classname="academy2.ValidateTitle" time="8.915"/>
</testsuite>