<?xml version="1.0" encoding="UTF-8"?>
<!-- Generated by org.testng.reporters.JUnitXMLReporter -->
<testsuite hostname="DESKTOP-87MMMFU" ignored="0" name="Test" tests="4" failures="0" timestamp="2020-02-24T17:03:48 AEDT" time="49.15" errors="0">
  <testcase name="navigateBar" time="0.441" classname="academy2.validateNavigationBar"/>
  <testcase name="basePageNavigation" time="17.069" classname="academy2.HomePage2"/>
  <testcase name="basePageNavigation" time="2.582" classname="academy2.HomePage2"/>
  <testcase name="titleRediff" time="12.206" classname="academy2.ValidateTitle"/>
</testsuite> <!-- Test -->
