<?xml version="1.0" encoding="UTF-8"?>
<!-- Generated by org.testng.reporters.JUnitXMLReporter -->
<testsuite hostname="DESKTOP-87MMMFU" ignored="0" name="Validating Title" tests="2" failures="1" timestamp="2020-02-25T15:35:00 AEDT" time="15.558" errors="0">
  <testcase name="titleMoney" time="0.001" classname="academy2.ValidateTitle">
    <failure type="java.lang.NullPointerException">
      <![CDATA[java.lang.NullPointerException
at academy2.ValidateTitle.titleMoney(ValidateTitle.java:47)
at java.util.ArrayList.forEach(ArrayList.java:1257)
... Removed 27 stack frames]]>
    </failure>
  </testcase> <!-- titleMoney -->
  <testcase name="titleRediff" time="0.072" classname="academy2.ValidateTitle"/>
</testsuite> <!-- Validating Title -->
